0 info it worked if it ends with ok
1 verbose cli [ 'C:\\Program Files\\nodejs\\node.exe',
1 verbose cli   'C:\\Program Files\\nodejs\\node_modules\\npm\\bin\\npm-cli.js',
1 verbose cli   'start' ]
2 info using npm@3.10.10
3 info using node@v6.11.3
4 verbose run-script [ 'prestart', 'start', 'poststart' ]
5 info lifecycle dice-view@0.1.0~prestart: dice-view@0.1.0
6 silly lifecycle dice-view@0.1.0~prestart: no script for prestart, continuing
7 info lifecycle dice-view@0.1.0~start: dice-view@0.1.0
8 verbose lifecycle dice-view@0.1.0~start: unsafe-perm in lifecycle true
9 verbose lifecycle dice-view@0.1.0~start: PATH: C:\Program Files\nodejs\node_modules\npm\bin\node-gyp-bin;C:\Users\mysanr\projects\rent-office\view\node_modules\.bin;C:\app\mysanr\virtual\product\12.2.0\dbhome_2\bin;C:\app\mysanr\virtual\product\12.2.0\dbhome_1\bin;C:\ProgramData\Oracle\Java\javapath;C:\WINDOWS\system32;C:\WINDOWS;C:\WINDOWS\System32\Wbem;C:\WINDOWS\System32\WindowsPowerShell\v1.0\;C:\Program Files (x86)\WebEx\Productivity Tools;C:\Program Files (x86)\Skype\Phone\;C:\Users\mysanr\Downloads\apache-maven-3.5.0\bin;C:\Program Files\TortoiseGit\bin;C:\Program Files\nodejs\;C:\app\mysanr\virtual\product\12.2.0\dbhome_1\bin;C:\ProgramData\Oracle\Java\javapath;C:\WINDOWS\system32;C:\WINDOWS;C:\WINDOWS\System32\Wbem;C:\WINDOWS\System32\WindowsPowerShell\v1.0\;C:\Program Files (x86)\WebEx\Productivity Tools;C:\Program Files (x86)\Skype\Phone\;C:\Program Files\Git\cmd;C:\Users\mysanr\Downloads\apache-maven-3.5.0\bin;C:\Program Files\Java\jdk1.8.0_144\bin;C:\Applications\Atlassian\atlassian-plugin-sdk-6.2.14\apache-maven-3.2.1\bin;C:\Applications\Atlassian\atlassian-plugin-sdk-6.2.14\bin;C:\Program Files\TortoiseGit\bin;C:\Program Files\nodejs\;C:\Users\mysanr\AppData\Roaming\npm;C:\Applications\Atlassian\atlassian-plugin-sdk-6.2.14\bin;C:\Program Files\Microsoft VS Code\bin
10 verbose lifecycle dice-view@0.1.0~start: CWD: C:\Users\mysanr\projects\rent-office\view
11 silly lifecycle dice-view@0.1.0~start: Args: [ '/d /s /c', 'concurrent "npm run gulp" "npm run lite"' ]
12 silly lifecycle dice-view@0.1.0~start: Returned: code: 1  signal: null
13 info lifecycle dice-view@0.1.0~start: Failed to exec start script
14 verbose stack Error: dice-view@0.1.0 start: `concurrent "npm run gulp" "npm run lite"`
14 verbose stack Exit status 1
14 verbose stack     at EventEmitter.<anonymous> (C:\Program Files\nodejs\node_modules\npm\lib\utils\lifecycle.js:255:16)
14 verbose stack     at emitTwo (events.js:106:13)
14 verbose stack     at EventEmitter.emit (events.js:191:7)
14 verbose stack     at ChildProcess.<anonymous> (C:\Program Files\nodejs\node_modules\npm\lib\utils\spawn.js:40:14)
14 verbose stack     at emitTwo (events.js:106:13)
14 verbose stack     at ChildProcess.emit (events.js:191:7)
14 verbose stack     at maybeClose (internal/child_process.js:920:16)
14 verbose stack     at Process.ChildProcess._handle.onexit (internal/child_process.js:230:5)
15 verbose pkgid dice-view@0.1.0
16 verbose cwd C:\Users\mysanr\projects\rent-office\view
17 error Windows_NT 6.1.7601
18 error argv "C:\\Program Files\\nodejs\\node.exe" "C:\\Program Files\\nodejs\\node_modules\\npm\\bin\\npm-cli.js" "start"
19 error node v6.11.3
20 error npm  v3.10.10
21 error code ELIFECYCLE
22 error dice-view@0.1.0 start: `concurrent "npm run gulp" "npm run lite"`
22 error Exit status 1
23 error Failed at the dice-view@0.1.0 start script 'concurrent "npm run gulp" "npm run lite"'.
23 error Make sure you have the latest version of node.js and npm installed.
23 error If you do, this is most likely a problem with the dice-view package,
23 error not with npm itself.
23 error Tell the author that this fails on your system:
23 error     concurrent "npm run gulp" "npm run lite"
23 error You can get information on how to open an issue for this project with:
23 error     npm bugs dice-view
23 error Or if that isn't available, you can get their info via:
23 error     npm owner ls dice-view
23 error There is likely additional logging output above.
24 verbose exit [ 1, true ]
